<?xml version="1.0" encoding="utf-8"?><testsuites><testsuite name="pytest" errors="0" failures="0" skipped="0" tests="3" time="46.174" timestamp="2023-03-11T14:07:42.732647" hostname="DESKTOP-NM4KN8P"><testcase classname="test_HomePage.TestHomePage" name="test_formSubmission[getdata0]" time="13.439" /><testcase classname="test_HomePage.TestHomePage" name="test_formSubmission[getdata1]" time="10.031" /><testcase classname="test_e2e.TestOne" name="test_e2e" time="22.542" /></testsuite></testsuites>